<?xml version="1.0" encoding="UTF-8"?>
<!DOCTYPE suite SYSTEM "http://testng.org/testng-1.0.dtd">
<suite name="Elements Tests">
    <test verbose="2" preserve-order="true" name="C:\Users\cynth\Desktop\claseDeRepasoSeleniumWebDriver">
        <groups>
            <run>
                <include name="SmokeTest"/>
            </run>
        </groups>
        <classes>
            <class name="ESPNTest"></class>
        </classes>
    </test>
</suite>